<?xml version="1.0" encoding="UTF-8"?>
<!-- Generated by org.testng.reporters.JUnitXMLReporter -->
<testsuite hostname="DESKTOP-CD4PKTO" ignored="0" name="Default test" tests="10" failures="2" timestamp="2022-03-06T16:11:43 EST" time="0.092" errors="0">
  <testcase name="@BeforeClass initializeDriver" time="-1.646601103557E9" classname="testPackage.TestClass">
    <failure type="org.testng.TestNGException" message="
Parameter &amp;apos;browserName&amp;apos; is required by BeforeClass on method initializeDriver but has not been marked @Optional or defined
in C:\Users\Anurag\AppData\Local\Temp\testng-eclipse-940669339\testng-customsuite.xml">
      <![CDATA[org.testng.TestNGException: 
Parameter 'browserName' is required by BeforeClass on method initializeDriver but has not been marked @Optional or defined
in C:\Users\Anurag\AppData\Local\Temp\testng-eclipse-940669339\testng-customsuite.xml
at org.testng.internal.Parameters.createParams(Parameters.java:267)
at org.testng.internal.Parameters.createParametersForMethod(Parameters.java:355)
at org.testng.internal.Parameters.createParameters(Parameters.java:660)
at org.testng.internal.Parameters.createConfigurationParameters(Parameters.java:166)
at org.testng.internal.invokers.ConfigInvoker.invokeConfigurations(ConfigInvoker.java:300)
at org.testng.internal.invokers.TestMethodWorker.invokeBeforeClassMethods(TestMethodWorker.java:178)
at org.testng.internal.invokers.TestMethodWorker.run(TestMethodWorker.java:122)
at java.util.ArrayList.forEach(ArrayList.java:1259)
at org.testng.TestRunner.privateRun(TestRunner.java:808)
at org.testng.TestRunner.run(TestRunner.java:603)
at org.testng.SuiteRunner.runTest(SuiteRunner.java:429)
at org.testng.SuiteRunner.runSequentially(SuiteRunner.java:423)
at org.testng.SuiteRunner.privateRun(SuiteRunner.java:383)
at org.testng.SuiteRunner.run(SuiteRunner.java:326)
at org.testng.SuiteRunnerWorker.runSuite(SuiteRunnerWorker.java:52)
at org.testng.SuiteRunnerWorker.run(SuiteRunnerWorker.java:95)
at org.testng.TestNG.runSuitesSequentially(TestNG.java:1249)
at org.testng.TestNG.runSuitesLocally(TestNG.java:1169)
at org.testng.TestNG.runSuites(TestNG.java:1092)
at org.testng.TestNG.run(TestNG.java:1060)
at org.testng.remote.AbstractRemoteTestNG.run(AbstractRemoteTestNG.java:115)
at org.testng.remote.RemoteTestNG.initAndRun(RemoteTestNG.java:251)
at org.testng.remote.RemoteTestNG.main(RemoteTestNG.java:77)
]]>
    </failure>
  </testcase> <!-- @BeforeClass initializeDriver -->
  <testcase name="@AfterClass tearDown" time="0.0" classname="testPackage.TestClass">
    <skipped/>
  </testcase> <!-- @AfterClass tearDown -->
  <testcase name="openApplication" time="0.0" classname="testPackage.TestClass">
    <failure type="org.testng.TestNGException" message="
Parameter &amp;apos;appURL&amp;apos; is required by @Test on method openApplication but has not been marked @Optional or defined
in C:\Users\Anurag\AppData\Local\Temp\testng-eclipse-940669339\testng-customsuite.xml">
      <![CDATA[org.testng.TestNGException: 
Parameter 'appURL' is required by @Test on method openApplication but has not been marked @Optional or defined
in C:\Users\Anurag\AppData\Local\Temp\testng-eclipse-940669339\testng-customsuite.xml
at org.testng.internal.Parameters.createParams(Parameters.java:267)
at org.testng.internal.Parameters.createParametersForMethod(Parameters.java:355)
at org.testng.internal.Parameters.createParameters(Parameters.java:660)
at org.testng.internal.Parameters.handleParameters(Parameters.java:856)
at org.testng.internal.Parameters.handleParameters(Parameters.java:704)
at org.testng.internal.invokers.ParameterHandler.handleParameters(ParameterHandler.java:70)
at org.testng.internal.invokers.ParameterHandler.createParameters(ParameterHandler.java:49)
at org.testng.internal.invokers.TestInvoker$MethodInvocationAgent.invoke(TestInvoker.java:904)
at org.testng.internal.invokers.TestInvoker.invokeTestMethods(TestInvoker.java:193)
at org.testng.internal.invokers.TestMethodWorker.invokeTestMethods(TestMethodWorker.java:146)
at org.testng.internal.invokers.TestMethodWorker.run(TestMethodWorker.java:128)
at java.util.ArrayList.forEach(ArrayList.java:1259)
at org.testng.TestRunner.privateRun(TestRunner.java:808)
at org.testng.TestRunner.run(TestRunner.java:603)
at org.testng.SuiteRunner.runTest(SuiteRunner.java:429)
at org.testng.SuiteRunner.runSequentially(SuiteRunner.java:423)
at org.testng.SuiteRunner.privateRun(SuiteRunner.java:383)
at org.testng.SuiteRunner.run(SuiteRunner.java:326)
at org.testng.SuiteRunnerWorker.runSuite(SuiteRunnerWorker.java:52)
at org.testng.SuiteRunnerWorker.run(SuiteRunnerWorker.java:95)
at org.testng.TestNG.runSuitesSequentially(TestNG.java:1249)
at org.testng.TestNG.runSuitesLocally(TestNG.java:1169)
at org.testng.TestNG.runSuites(TestNG.java:1092)
at org.testng.TestNG.run(TestNG.java:1060)
at org.testng.remote.AbstractRemoteTestNG.run(AbstractRemoteTestNG.java:115)
at org.testng.remote.RemoteTestNG.initAndRun(RemoteTestNG.java:251)
at org.testng.remote.RemoteTestNG.main(RemoteTestNG.java:77)
]]>
    </failure>
  </testcase> <!-- openApplication -->
  <testcase name="verifyHomePageOfApplication" time="0.0" classname="testPackage.TestClass">
    <skipped/>
  </testcase> <!-- verifyHomePageOfApplication -->
  <testcase name="clickOnSignInLink" time="0.0" classname="testPackage.TestClass">
    <skipped/>
  </testcase> <!-- clickOnSignInLink -->
  <testcase name="verifySignInTabOpenedOnHomePage" time="0.0" classname="testPackage.TestClass">
    <skipped/>
  </testcase> <!-- verifySignInTabOpenedOnHomePage -->
  <testcase name="enterTextInEmailAndPasswordTextBoxHomePage" time="0.0" classname="testPackage.TestClass">
    <failure type="org.testng.TestNGException" message="
Parameter &amp;apos;eMailID&amp;apos; is required by @Test on method enterTextInEmailAndPasswordTextBoxHomePage but has not been marked @Optional or defined
in C:\Users\Anurag\AppData\Local\Temp\testng-eclipse-940669339\testng-customsuite.xml">
      <![CDATA[org.testng.TestNGException: 
Parameter 'eMailID' is required by @Test on method enterTextInEmailAndPasswordTextBoxHomePage but has not been marked @Optional or defined
in C:\Users\Anurag\AppData\Local\Temp\testng-eclipse-940669339\testng-customsuite.xml
at org.testng.internal.Parameters.createParams(Parameters.java:267)
at org.testng.internal.Parameters.createParametersForMethod(Parameters.java:355)
at org.testng.internal.Parameters.createParameters(Parameters.java:660)
at org.testng.internal.Parameters.handleParameters(Parameters.java:856)
at org.testng.internal.Parameters.handleParameters(Parameters.java:704)
at org.testng.internal.invokers.ParameterHandler.handleParameters(ParameterHandler.java:70)
at org.testng.internal.invokers.ParameterHandler.createParameters(ParameterHandler.java:49)
at org.testng.internal.invokers.TestInvoker$MethodInvocationAgent.invoke(TestInvoker.java:904)
at org.testng.internal.invokers.TestInvoker.invokeTestMethods(TestInvoker.java:193)
at org.testng.internal.invokers.TestMethodWorker.invokeTestMethods(TestMethodWorker.java:146)
at org.testng.internal.invokers.TestMethodWorker.run(TestMethodWorker.java:128)
at java.util.ArrayList.forEach(ArrayList.java:1259)
at org.testng.TestRunner.privateRun(TestRunner.java:808)
at org.testng.TestRunner.run(TestRunner.java:603)
at org.testng.SuiteRunner.runTest(SuiteRunner.java:429)
at org.testng.SuiteRunner.runSequentially(SuiteRunner.java:423)
at org.testng.SuiteRunner.privateRun(SuiteRunner.java:383)
at org.testng.SuiteRunner.run(SuiteRunner.java:326)
at org.testng.SuiteRunnerWorker.runSuite(SuiteRunnerWorker.java:52)
at org.testng.SuiteRunnerWorker.run(SuiteRunnerWorker.java:95)
at org.testng.TestNG.runSuitesSequentially(TestNG.java:1249)
at org.testng.TestNG.runSuitesLocally(TestNG.java:1169)
at org.testng.TestNG.runSuites(TestNG.java:1092)
at org.testng.TestNG.run(TestNG.java:1060)
at org.testng.remote.AbstractRemoteTestNG.run(AbstractRemoteTestNG.java:115)
at org.testng.remote.RemoteTestNG.initAndRun(RemoteTestNG.java:251)
at org.testng.remote.RemoteTestNG.main(RemoteTestNG.java:77)
]]>
    </failure>
  </testcase> <!-- enterTextInEmailAndPasswordTextBoxHomePage -->
  <testcase name="verifyMyAccountPageIsOpened" time="0.0" classname="testPackage.TestClass">
    <skipped/>
  </testcase> <!-- verifyMyAccountPageIsOpened -->
  <testcase name="moveAndClickOnWomenTabOnMyAccountPage" time="0.0" classname="testPackage.TestClass">
    <skipped/>
  </testcase> <!-- moveAndClickOnWomenTabOnMyAccountPage -->
  <testcase name="selectCategoriesCheckBoxOfCatalogOnWomenTabOnMyAccount" time="0.0" classname="testPackage.TestClass">
    <skipped/>
  </testcase> <!-- selectCategoriesCheckBoxOfCatalogOnWomenTabOnMyAccount -->
  <testcase name="enterTextInSearchBoxMyAcconutPage" time="0.0" classname="testPackage.TestClass">
    <skipped/>
  </testcase> <!-- enterTextInSearchBoxMyAcconutPage -->
  <testcase name="selectSortDropDownMyAccountPage" time="0.0" classname="testPackage.TestClass">
    <skipped/>
  </testcase> <!-- selectSortDropDownMyAccountPage -->
</testsuite> <!-- Default test -->
