<!DOCTYPE html PUBLIC "-//W3C//DTD XHTML 1.1//EN" "https://www.w3.org/TR/xhtml11/DTD/xhtml11.dtd">
<html xmlns="https://www.w3.org/1999/xhtml">
<head>
<meta http-equiv="content-type" content="text/html; charset=UTF-8"/>
<title>TestNG Report</title>
<style type="text/css">table {margin-bottom:10px;border-collapse:collapse;empty-cells:show}th,td {border:1px solid #009;padding:.25em .5em}th {vertical-align:bottom}td {vertical-align:top}table a {font-weight:bold}.stripe td {background-color: #E6EBF9}.num {text-align:right}.passedodd td {background-color: #3F3}.passedeven td {background-color: #0A0}.skippedodd td {background-color: #DDD}.skippedeven td {background-color: #CCC}.failedodd td,.attn {background-color: #F33}.failedeven td,.stripe .attn {background-color: #D00}.stacktrace {white-space:pre;font-family:monospace}.totop {font-size:85%;text-align:center;border-bottom:2px solid #000}.invisible {display:none}</style>
</head>
<body>
<table>
<tr><th>Test</th><th># Passed</th><th># Skipped</th><th># Retried</th><th># Failed</th><th>Time (ms)</th><th>Included Groups</th><th>Excluded Groups</th></tr>
<tr><th colspan="8">Suite</th></tr>
<tr><td><a href="#t0">TestFreeCRMApplicationFirefox</a></td><td class="num">4</td><td class="num">0</td><td class="num">0</td><td class="num attn">6</td><td class="num">68,902</td><td></td><td></td></tr>
<tr class="stripe"><td><a href="#t1">TestFreeCRMApplicationChrome</a></td><td class="num">10</td><td class="num">0</td><td class="num">0</td><td class="num">0</td><td class="num">76,289</td><td></td><td></td></tr>
<tr><th>Total</th><th class="num">14</th><th class="num">0</th><th class="num">0</th><th class="num attn">6</th><th class="num">145,191</th><th colspan="2"></th></tr>
</table>
<table id='summary'><thead><tr><th>Class</th><th>Method</th><th>Start</th><th>Time (ms)</th></tr></thead><tbody><tr><th colspan="4">Suite</th></tr></tbody><tbody id="t0"><tr><th colspan="4">TestFreeCRMApplicationFirefox &#8212; failed</th></tr><tr class="failedeven"><td rowspan="6">testPackage.TestClass</td><td><a href="#m0">enterTextInEmailAndPasswordTextBoxHomePage</a></td><td rowspan="1">1612240017102</td><td rowspan="1">1847</td></tr><tr class="failedeven"><td><a href="#m1">enterTextInSearchBoxMyAcconutPage</a></td><td rowspan="1">1612240019109</td><td rowspan="1">55</td></tr><tr class="failedeven"><td><a href="#m2">moveAndClickOnWomenTabOnMyAccountPage</a></td><td rowspan="1">1612240019022</td><td rowspan="1">38</td></tr><tr class="failedeven"><td><a href="#m3">selectCategoriesCheckBoxOfCatalogOnWomenTabOnMyAccount</a></td><td rowspan="1">1612240019070</td><td rowspan="1">32</td></tr><tr class="failedeven"><td><a href="#m4">selectSortDropDownMyAccountPage</a></td><td rowspan="1">1612240019171</td><td rowspan="1">57</td></tr><tr class="failedeven"><td><a href="#m5">verifyMyAccountPageIsOpened</a></td><td rowspan="1">1612240018964</td><td rowspan="1">50</td></tr><tr><th colspan="4">TestFreeCRMApplicationFirefox &#8212; passed</th></tr><tr class="passedeven"><td rowspan="4">testPackage.TestClass</td><td><a href="#m6">clickOnSignInLink</a></td><td rowspan="1">1612240013443</td><td rowspan="1">2920</td></tr><tr class="passedeven"><td><a href="#m7">openApplication</a></td><td rowspan="1">1612239999015</td><td rowspan="1">14094</td></tr><tr class="passedeven"><td><a href="#m8">verifyHomePageOfApplication</a></td><td rowspan="1">1612240013115</td><td rowspan="1">322</td></tr><tr class="passedeven"><td><a href="#m9">verifySignInTabOpenedOnHomePage</a></td><td rowspan="1">1612240016368</td><td rowspan="1">728</td></tr></tbody>
<tbody id="t1"><tr><th colspan="4">TestFreeCRMApplicationChrome &#8212; passed</th></tr><tr class="passedeven"><td rowspan="10">testPackage.TestClass</td><td><a href="#m10">clickOnSignInLink</a></td><td rowspan="1">1612239971337</td><td rowspan="1">3285</td></tr><tr class="passedeven"><td><a href="#m11">enterTextInEmailAndPasswordTextBoxHomePage</a></td><td rowspan="1">1612239975882</td><td rowspan="1">41247</td></tr><tr class="passedeven"><td><a href="#m12">enterTextInSearchBoxMyAcconutPage</a></td><td rowspan="1">1612240024945</td><td rowspan="1">671</td></tr><tr class="passedeven"><td><a href="#m13">moveAndClickOnWomenTabOnMyAccountPage</a></td><td rowspan="1">1612240018304</td><td rowspan="1">6460</td></tr><tr class="passedeven"><td><a href="#m14">openApplication</a></td><td rowspan="1">1612239960095</td><td rowspan="1">10508</td></tr><tr class="passedeven"><td><a href="#m15">selectCategoriesCheckBoxOfCatalogOnWomenTabOnMyAccount</a></td><td rowspan="1">1612240024770</td><td rowspan="1">172</td></tr><tr class="passedeven"><td><a href="#m16">selectSortDropDownMyAccountPage</a></td><td rowspan="1">1612240025621</td><td rowspan="1">1000</td></tr><tr class="passedeven"><td><a href="#m17">verifyHomePageOfApplication</a></td><td rowspan="1">1612239970639</td><td rowspan="1">658</td></tr><tr class="passedeven"><td><a href="#m18">verifyMyAccountPageIsOpened</a></td><td rowspan="1">1612240017134</td><td rowspan="1">1166</td></tr><tr class="passedeven"><td><a href="#m19">verifySignInTabOpenedOnHomePage</a></td><td rowspan="1">1612239974633</td><td rowspan="1">1241</td></tr></tbody>
</table>
<h2>TestFreeCRMApplicationFirefox</h2><h3 id="m0">testPackage.TestClass#enterTextInEmailAndPasswordTextBoxHomePage</h3><table class="result"><tr class="param"><th>Parameter #1</th><th>Parameter #2</th></tr><tr class="param stripe"><td>panwarpalak222@gmail.com</td><td>test@123</td></tr><tr><th colspan="2">Exception</th></tr><tr><td colspan="2"><div class="stacktrace">org.openqa.selenium.NoSuchWindowException: Browsing context has been discarded
Build info: version: &apos;3.141.59&apos;, revision: &apos;e82be7d358&apos;, time: &apos;2018-11-14T08:17:03&apos;
System info: host: &apos;DESKTOP-CD4PKTO&apos;, ip: &apos;10.0.0.208&apos;, os.name: &apos;Windows 10&apos;, os.arch: &apos;amd64&apos;, os.version: &apos;10.0&apos;, java.version: &apos;1.8.0_271&apos;
Driver info: org.openqa.selenium.firefox.FirefoxDriver
Capabilities {acceptInsecureCerts: true, browserName: firefox, browserVersion: 84.0.2, javascriptEnabled: true, moz:accessibilityChecks: false, moz:buildID: 20210105180113, moz:geckodriverVersion: 0.28.0, moz:headless: false, moz:processID: 36652, moz:profile: C:\Users\Anurag\AppData\Loc..., moz:shutdownTimeout: 60000, moz:useNonSpecCompliantPointerOrigin: false, moz:webdriverClick: true, pageLoadStrategy: normal, platform: WINDOWS, platformName: WINDOWS, platformVersion: 10.0, rotatable: false, setWindowRect: true, strictFileInteractability: false, timeouts: {implicit: 0, pageLoad: 300000, script: 30000}, unhandledPromptBehavior: dismiss and notify}
Session ID: 9cfc87e6-3570-4c7f-9177-b53099426ca5
*** Element info: {Using=id, value=SubmitLogin}
	at org.openqa.selenium.remote.http.W3CHttpResponseCodec.createException(W3CHttpResponseCodec.java:187)
	at org.openqa.selenium.remote.http.W3CHttpResponseCodec.decode(W3CHttpResponseCodec.java:122)
	at org.openqa.selenium.remote.http.W3CHttpResponseCodec.decode(W3CHttpResponseCodec.java:49)
	at org.openqa.selenium.remote.HttpCommandExecutor.execute(HttpCommandExecutor.java:158)
	at org.openqa.selenium.remote.service.DriverCommandExecutor.execute(DriverCommandExecutor.java:83)
	at org.openqa.selenium.remote.RemoteWebDriver.execute(RemoteWebDriver.java:552)
	at org.openqa.selenium.remote.RemoteWebDriver.findElement(RemoteWebDriver.java:323)
	at org.openqa.selenium.remote.RemoteWebDriver.findElementById(RemoteWebDriver.java:372)
	at org.openqa.selenium.By$ById.findElement(By.java:188)
	at org.openqa.selenium.remote.RemoteWebDriver.findElement(RemoteWebDriver.java:315)
	at basePackage.FindElementClass.findElementUsingID(FindElementClass.java:37)
	at basePackage.HomePageClass.clickSignInButtonSignInFormHomePage(HomePageClass.java:62)
	at testPackage.TestClass.enterTextInEmailAndPasswordTextBoxHomePage(TestClass.java:60)
	at java.util.ArrayList.forEach(ArrayList.java:1259)
	at java.util.concurrent.FutureTask.run(FutureTask.java:266)
	at java.util.concurrent.ThreadPoolExecutor.runWorker(ThreadPoolExecutor.java:1149)
	at java.util.concurrent.ThreadPoolExecutor$Worker.run(ThreadPoolExecutor.java:624)
	at java.lang.Thread.run(Thread.java:748)
... Removed 22 stack frames</div></td></tr></table><p class="totop"><a href="#summary">back to summary</a></p>
<h3 id="m1">testPackage.TestClass#enterTextInSearchBoxMyAcconutPage</h3><table class="result"><tr><th>Exception</th></tr><tr><td><div class="stacktrace">org.openqa.selenium.NoSuchWindowException: Browsing context has been discarded
Build info: version: &apos;3.141.59&apos;, revision: &apos;e82be7d358&apos;, time: &apos;2018-11-14T08:17:03&apos;
System info: host: &apos;DESKTOP-CD4PKTO&apos;, ip: &apos;10.0.0.208&apos;, os.name: &apos;Windows 10&apos;, os.arch: &apos;amd64&apos;, os.version: &apos;10.0&apos;, java.version: &apos;1.8.0_271&apos;
Driver info: org.openqa.selenium.firefox.FirefoxDriver
Capabilities {acceptInsecureCerts: true, browserName: firefox, browserVersion: 84.0.2, javascriptEnabled: true, moz:accessibilityChecks: false, moz:buildID: 20210105180113, moz:geckodriverVersion: 0.28.0, moz:headless: false, moz:processID: 36652, moz:profile: C:\Users\Anurag\AppData\Loc..., moz:shutdownTimeout: 60000, moz:useNonSpecCompliantPointerOrigin: false, moz:webdriverClick: true, pageLoadStrategy: normal, platform: WINDOWS, platformName: WINDOWS, platformVersion: 10.0, rotatable: false, setWindowRect: true, strictFileInteractability: false, timeouts: {implicit: 0, pageLoad: 300000, script: 30000}, unhandledPromptBehavior: dismiss and notify}
Session ID: 9cfc87e6-3570-4c7f-9177-b53099426ca5
*** Element info: {Using=id, value=search_query_top}
	at org.openqa.selenium.remote.http.W3CHttpResponseCodec.createException(W3CHttpResponseCodec.java:187)
	at org.openqa.selenium.remote.http.W3CHttpResponseCodec.decode(W3CHttpResponseCodec.java:122)
	at org.openqa.selenium.remote.http.W3CHttpResponseCodec.decode(W3CHttpResponseCodec.java:49)
	at org.openqa.selenium.remote.HttpCommandExecutor.execute(HttpCommandExecutor.java:158)
	at org.openqa.selenium.remote.service.DriverCommandExecutor.execute(DriverCommandExecutor.java:83)
	at org.openqa.selenium.remote.RemoteWebDriver.execute(RemoteWebDriver.java:552)
	at org.openqa.selenium.remote.RemoteWebDriver.findElement(RemoteWebDriver.java:323)
	at org.openqa.selenium.remote.RemoteWebDriver.findElementById(RemoteWebDriver.java:372)
	at org.openqa.selenium.By$ById.findElement(By.java:188)
	at org.openqa.selenium.remote.RemoteWebDriver.findElement(RemoteWebDriver.java:315)
	at basePackage.FindElementClass.findElementUsingID(FindElementClass.java:37)
	at basePackage.MyAccountPage.enterTextInSearchBoxMyAcconutPage(MyAccountPage.java:58)
	at testPackage.TestClass.enterTextInSearchBoxMyAcconutPage(TestClass.java:78)
	at java.util.ArrayList.forEach(ArrayList.java:1259)
	at java.util.concurrent.FutureTask.run(FutureTask.java:266)
	at java.util.concurrent.ThreadPoolExecutor.runWorker(ThreadPoolExecutor.java:1149)
	at java.util.concurrent.ThreadPoolExecutor$Worker.run(ThreadPoolExecutor.java:624)
	at java.lang.Thread.run(Thread.java:748)
... Removed 22 stack frames</div></td></tr></table><p class="totop"><a href="#summary">back to summary</a></p>
<h3 id="m2">testPackage.TestClass#moveAndClickOnWomenTabOnMyAccountPage</h3><table class="result"><tr><th>Exception</th></tr><tr><td><div class="stacktrace">org.openqa.selenium.NoSuchWindowException: Browsing context has been discarded
Build info: version: &apos;3.141.59&apos;, revision: &apos;e82be7d358&apos;, time: &apos;2018-11-14T08:17:03&apos;
System info: host: &apos;DESKTOP-CD4PKTO&apos;, ip: &apos;10.0.0.208&apos;, os.name: &apos;Windows 10&apos;, os.arch: &apos;amd64&apos;, os.version: &apos;10.0&apos;, java.version: &apos;1.8.0_271&apos;
Driver info: org.openqa.selenium.firefox.FirefoxDriver
Capabilities {acceptInsecureCerts: true, browserName: firefox, browserVersion: 84.0.2, javascriptEnabled: true, moz:accessibilityChecks: false, moz:buildID: 20210105180113, moz:geckodriverVersion: 0.28.0, moz:headless: false, moz:processID: 36652, moz:profile: C:\Users\Anurag\AppData\Loc..., moz:shutdownTimeout: 60000, moz:useNonSpecCompliantPointerOrigin: false, moz:webdriverClick: true, pageLoadStrategy: normal, platform: WINDOWS, platformName: WINDOWS, platformVersion: 10.0, rotatable: false, setWindowRect: true, strictFileInteractability: false, timeouts: {implicit: 0, pageLoad: 300000, script: 30000}, unhandledPromptBehavior: dismiss and notify}
Session ID: 9cfc87e6-3570-4c7f-9177-b53099426ca5
*** Element info: {Using=xpath, value=//div[@id=&apos;block_top_menu&apos;]//a[@title=&apos;Women&apos;]}
	at org.openqa.selenium.remote.http.W3CHttpResponseCodec.createException(W3CHttpResponseCodec.java:187)
	at org.openqa.selenium.remote.http.W3CHttpResponseCodec.decode(W3CHttpResponseCodec.java:122)
	at org.openqa.selenium.remote.http.W3CHttpResponseCodec.decode(W3CHttpResponseCodec.java:49)
	at org.openqa.selenium.remote.HttpCommandExecutor.execute(HttpCommandExecutor.java:158)
	at org.openqa.selenium.remote.service.DriverCommandExecutor.execute(DriverCommandExecutor.java:83)
	at org.openqa.selenium.remote.RemoteWebDriver.execute(RemoteWebDriver.java:552)
	at org.openqa.selenium.remote.RemoteWebDriver.findElement(RemoteWebDriver.java:323)
	at org.openqa.selenium.remote.RemoteWebDriver.findElementByXPath(RemoteWebDriver.java:428)
	at org.openqa.selenium.By$ByXPath.findElement(By.java:353)
	at org.openqa.selenium.remote.RemoteWebDriver.findElement(RemoteWebDriver.java:315)
	at basePackage.FindElementClass.findElementUsingXPath(FindElementClass.java:75)
	at basePackage.MyAccountPage.moveAndClickOnWomenTabOnMyAccountPage(MyAccountPage.java:40)
	at testPackage.TestClass.moveAndClickOnWomenTabOnMyAccountPage(TestClass.java:70)
	at java.util.ArrayList.forEach(ArrayList.java:1259)
	at java.util.concurrent.FutureTask.run(FutureTask.java:266)
	at java.util.concurrent.ThreadPoolExecutor.runWorker(ThreadPoolExecutor.java:1149)
	at java.util.concurrent.ThreadPoolExecutor$Worker.run(ThreadPoolExecutor.java:624)
	at java.lang.Thread.run(Thread.java:748)
... Removed 22 stack frames</div></td></tr></table><p class="totop"><a href="#summary">back to summary</a></p>
<h3 id="m3">testPackage.TestClass#selectCategoriesCheckBoxOfCatalogOnWomenTabOnMyAccount</h3><table class="result"><tr><th>Exception</th></tr><tr><td><div class="stacktrace">org.openqa.selenium.NoSuchWindowException: Browsing context has been discarded
Build info: version: &apos;3.141.59&apos;, revision: &apos;e82be7d358&apos;, time: &apos;2018-11-14T08:17:03&apos;
System info: host: &apos;DESKTOP-CD4PKTO&apos;, ip: &apos;10.0.0.208&apos;, os.name: &apos;Windows 10&apos;, os.arch: &apos;amd64&apos;, os.version: &apos;10.0&apos;, java.version: &apos;1.8.0_271&apos;
Driver info: org.openqa.selenium.firefox.FirefoxDriver
Capabilities {acceptInsecureCerts: true, browserName: firefox, browserVersion: 84.0.2, javascriptEnabled: true, moz:accessibilityChecks: false, moz:buildID: 20210105180113, moz:geckodriverVersion: 0.28.0, moz:headless: false, moz:processID: 36652, moz:profile: C:\Users\Anurag\AppData\Loc..., moz:shutdownTimeout: 60000, moz:useNonSpecCompliantPointerOrigin: false, moz:webdriverClick: true, pageLoadStrategy: normal, platform: WINDOWS, platformName: WINDOWS, platformVersion: 10.0, rotatable: false, setWindowRect: true, strictFileInteractability: false, timeouts: {implicit: 0, pageLoad: 300000, script: 30000}, unhandledPromptBehavior: dismiss and notify}
Session ID: 9cfc87e6-3570-4c7f-9177-b53099426ca5
*** Element info: {Using=xpath, value=//input[@id=&apos;layered_category_4&apos;]}
	at org.openqa.selenium.remote.http.W3CHttpResponseCodec.createException(W3CHttpResponseCodec.java:187)
	at org.openqa.selenium.remote.http.W3CHttpResponseCodec.decode(W3CHttpResponseCodec.java:122)
	at org.openqa.selenium.remote.http.W3CHttpResponseCodec.decode(W3CHttpResponseCodec.java:49)
	at org.openqa.selenium.remote.HttpCommandExecutor.execute(HttpCommandExecutor.java:158)
	at org.openqa.selenium.remote.service.DriverCommandExecutor.execute(DriverCommandExecutor.java:83)
	at org.openqa.selenium.remote.RemoteWebDriver.execute(RemoteWebDriver.java:552)
	at org.openqa.selenium.remote.RemoteWebDriver.findElement(RemoteWebDriver.java:323)
	at org.openqa.selenium.remote.RemoteWebDriver.findElementByXPath(RemoteWebDriver.java:428)
	at org.openqa.selenium.By$ByXPath.findElement(By.java:353)
	at org.openqa.selenium.remote.RemoteWebDriver.findElement(RemoteWebDriver.java:315)
	at basePackage.FindElementClass.findElementUsingXPath(FindElementClass.java:75)
	at basePackage.FindElementClass.isCheckboxSelected(FindElementClass.java:157)
	at basePackage.MyAccountPage.selectCategoriesCheckBoxOfCatalogOnWomenTabOnMyAccount(MyAccountPage.java:47)
	at testPackage.TestClass.selectCategoriesCheckBoxOfCatalogOnWomenTabOnMyAccount(TestClass.java:74)
	at java.util.ArrayList.forEach(ArrayList.java:1259)
	at java.util.concurrent.FutureTask.run(FutureTask.java:266)
	at java.util.concurrent.ThreadPoolExecutor.runWorker(ThreadPoolExecutor.java:1149)
	at java.util.concurrent.ThreadPoolExecutor$Worker.run(ThreadPoolExecutor.java:624)
	at java.lang.Thread.run(Thread.java:748)
... Removed 22 stack frames</div></td></tr></table><p class="totop"><a href="#summary">back to summary</a></p>
<h3 id="m4">testPackage.TestClass#selectSortDropDownMyAccountPage</h3><table class="result"><tr><th>Exception</th></tr><tr><td><div class="stacktrace">org.openqa.selenium.NoSuchWindowException: Browsing context has been discarded
Build info: version: &apos;3.141.59&apos;, revision: &apos;e82be7d358&apos;, time: &apos;2018-11-14T08:17:03&apos;
System info: host: &apos;DESKTOP-CD4PKTO&apos;, ip: &apos;10.0.0.208&apos;, os.name: &apos;Windows 10&apos;, os.arch: &apos;amd64&apos;, os.version: &apos;10.0&apos;, java.version: &apos;1.8.0_271&apos;
Driver info: org.openqa.selenium.firefox.FirefoxDriver
Capabilities {acceptInsecureCerts: true, browserName: firefox, browserVersion: 84.0.2, javascriptEnabled: true, moz:accessibilityChecks: false, moz:buildID: 20210105180113, moz:geckodriverVersion: 0.28.0, moz:headless: false, moz:processID: 36652, moz:profile: C:\Users\Anurag\AppData\Loc..., moz:shutdownTimeout: 60000, moz:useNonSpecCompliantPointerOrigin: false, moz:webdriverClick: true, pageLoadStrategy: normal, platform: WINDOWS, platformName: WINDOWS, platformVersion: 10.0, rotatable: false, setWindowRect: true, strictFileInteractability: false, timeouts: {implicit: 0, pageLoad: 300000, script: 30000}, unhandledPromptBehavior: dismiss and notify}
Session ID: 9cfc87e6-3570-4c7f-9177-b53099426ca5
*** Element info: {Using=id, value=selectProductSort}
	at org.openqa.selenium.remote.http.W3CHttpResponseCodec.createException(W3CHttpResponseCodec.java:187)
	at org.openqa.selenium.remote.http.W3CHttpResponseCodec.decode(W3CHttpResponseCodec.java:122)
	at org.openqa.selenium.remote.http.W3CHttpResponseCodec.decode(W3CHttpResponseCodec.java:49)
	at org.openqa.selenium.remote.HttpCommandExecutor.execute(HttpCommandExecutor.java:158)
	at org.openqa.selenium.remote.service.DriverCommandExecutor.execute(DriverCommandExecutor.java:83)
	at org.openqa.selenium.remote.RemoteWebDriver.execute(RemoteWebDriver.java:552)
	at org.openqa.selenium.remote.RemoteWebDriver.findElement(RemoteWebDriver.java:323)
	at org.openqa.selenium.remote.RemoteWebDriver.findElementById(RemoteWebDriver.java:372)
	at org.openqa.selenium.By$ById.findElement(By.java:188)
	at org.openqa.selenium.remote.RemoteWebDriver.findElement(RemoteWebDriver.java:315)
	at basePackage.FindElementClass.findElementUsingID(FindElementClass.java:37)
	at basePackage.MyAccountPage.selectSortDropDownMyAccountPage(MyAccountPage.java:64)
	at testPackage.TestClass.selectSortDropDownMyAccountPage(TestClass.java:82)
	at java.util.ArrayList.forEach(ArrayList.java:1259)
	at java.util.concurrent.FutureTask.run(FutureTask.java:266)
	at java.util.concurrent.ThreadPoolExecutor.runWorker(ThreadPoolExecutor.java:1149)
	at java.util.concurrent.ThreadPoolExecutor$Worker.run(ThreadPoolExecutor.java:624)
	at java.lang.Thread.run(Thread.java:748)
... Removed 22 stack frames</div></td></tr></table><p class="totop"><a href="#summary">back to summary</a></p>
<h3 id="m5">testPackage.TestClass#verifyMyAccountPageIsOpened</h3><table class="result"><tr><th>Exception</th></tr><tr><td><div class="stacktrace">org.openqa.selenium.NoSuchWindowException: Browsing context has been discarded
Build info: version: &apos;3.141.59&apos;, revision: &apos;e82be7d358&apos;, time: &apos;2018-11-14T08:17:03&apos;
System info: host: &apos;DESKTOP-CD4PKTO&apos;, ip: &apos;10.0.0.208&apos;, os.name: &apos;Windows 10&apos;, os.arch: &apos;amd64&apos;, os.version: &apos;10.0&apos;, java.version: &apos;1.8.0_271&apos;
Driver info: org.openqa.selenium.firefox.FirefoxDriver
Capabilities {acceptInsecureCerts: true, browserName: firefox, browserVersion: 84.0.2, javascriptEnabled: true, moz:accessibilityChecks: false, moz:buildID: 20210105180113, moz:geckodriverVersion: 0.28.0, moz:headless: false, moz:processID: 36652, moz:profile: C:\Users\Anurag\AppData\Loc..., moz:shutdownTimeout: 60000, moz:useNonSpecCompliantPointerOrigin: false, moz:webdriverClick: true, pageLoadStrategy: normal, platform: WINDOWS, platformName: WINDOWS, platformVersion: 10.0, rotatable: false, setWindowRect: true, strictFileInteractability: false, timeouts: {implicit: 0, pageLoad: 300000, script: 30000}, unhandledPromptBehavior: dismiss and notify}
Session ID: 9cfc87e6-3570-4c7f-9177-b53099426ca5
*** Element info: {Using=xpath, value=//ul[@class=&apos;myaccount-link-list&apos;]//following::a[@title=&apos;Orders&apos;]}
	at org.openqa.selenium.remote.http.W3CHttpResponseCodec.createException(W3CHttpResponseCodec.java:187)
	at org.openqa.selenium.remote.http.W3CHttpResponseCodec.decode(W3CHttpResponseCodec.java:122)
	at org.openqa.selenium.remote.http.W3CHttpResponseCodec.decode(W3CHttpResponseCodec.java:49)
	at org.openqa.selenium.remote.HttpCommandExecutor.execute(HttpCommandExecutor.java:158)
	at org.openqa.selenium.remote.service.DriverCommandExecutor.execute(DriverCommandExecutor.java:83)
	at org.openqa.selenium.remote.RemoteWebDriver.execute(RemoteWebDriver.java:552)
	at org.openqa.selenium.remote.RemoteWebDriver.findElement(RemoteWebDriver.java:323)
	at org.openqa.selenium.remote.RemoteWebDriver.findElementByXPath(RemoteWebDriver.java:428)
	at org.openqa.selenium.By$ByXPath.findElement(By.java:353)
	at org.openqa.selenium.remote.RemoteWebDriver.findElement(RemoteWebDriver.java:315)
	at basePackage.FindElementClass.findElementUsingXPath(FindElementClass.java:75)
	at basePackage.MyAccountPage.verifyMyAccountPageIsOpened(MyAccountPage.java:34)
	at testPackage.TestClass.verifyMyAccountPageIsOpened(TestClass.java:65)
	at java.util.ArrayList.forEach(ArrayList.java:1259)
	at java.util.concurrent.FutureTask.run(FutureTask.java:266)
	at java.util.concurrent.ThreadPoolExecutor.runWorker(ThreadPoolExecutor.java:1149)
	at java.util.concurrent.ThreadPoolExecutor$Worker.run(ThreadPoolExecutor.java:624)
	at java.lang.Thread.run(Thread.java:748)
... Removed 22 stack frames</div></td></tr></table><p class="totop"><a href="#summary">back to summary</a></p>
<h3 id="m6">testPackage.TestClass#clickOnSignInLink</h3><table class="result"><tr><th class="invisible"/></tr></table><p class="totop"><a href="#summary">back to summary</a></p>
<h3 id="m7">testPackage.TestClass#openApplication</h3><table class="result"><tr class="param"><th>Parameter #1</th></tr><tr class="param stripe"><td>http://automationpractice.com/index.php</td></tr></table><p class="totop"><a href="#summary">back to summary</a></p>
<h3 id="m8">testPackage.TestClass#verifyHomePageOfApplication</h3><table class="result"><tr><th>Messages</th></tr><tr><td><div class="messages">Element is displayed on screen!</div></td></tr></table><p class="totop"><a href="#summary">back to summary</a></p>
<h3 id="m9">testPackage.TestClass#verifySignInTabOpenedOnHomePage</h3><table class="result"><tr><th>Messages</th></tr><tr><td><div class="messages">Element is displayed on screen!</div></td></tr></table><p class="totop"><a href="#summary">back to summary</a></p>
<h2>TestFreeCRMApplicationChrome</h2><h3 id="m10">testPackage.TestClass#clickOnSignInLink</h3><table class="result"><tr><th class="invisible"/></tr></table><p class="totop"><a href="#summary">back to summary</a></p>
<h3 id="m11">testPackage.TestClass#enterTextInEmailAndPasswordTextBoxHomePage</h3><table class="result"><tr class="param"><th>Parameter #1</th><th>Parameter #2</th></tr><tr class="param stripe"><td>panwarpalak222@gmail.com</td><td>test@123</td></tr></table><p class="totop"><a href="#summary">back to summary</a></p>
<h3 id="m12">testPackage.TestClass#enterTextInSearchBoxMyAcconutPage</h3><table class="result"><tr><th class="invisible"/></tr></table><p class="totop"><a href="#summary">back to summary</a></p>
<h3 id="m13">testPackage.TestClass#moveAndClickOnWomenTabOnMyAccountPage</h3><table class="result"><tr><th class="invisible"/></tr></table><p class="totop"><a href="#summary">back to summary</a></p>
<h3 id="m14">testPackage.TestClass#openApplication</h3><table class="result"><tr class="param"><th>Parameter #1</th></tr><tr class="param stripe"><td>http://automationpractice.com/index.php</td></tr></table><p class="totop"><a href="#summary">back to summary</a></p>
<h3 id="m15">testPackage.TestClass#selectCategoriesCheckBoxOfCatalogOnWomenTabOnMyAccount</h3><table class="result"><tr><th>Messages</th></tr><tr><td><div class="messages">Element is not found!</div></td></tr></table><p class="totop"><a href="#summary">back to summary</a></p>
<h3 id="m16">testPackage.TestClass#selectSortDropDownMyAccountPage</h3><table class="result"><tr><th class="invisible"/></tr></table><p class="totop"><a href="#summary">back to summary</a></p>
<h3 id="m17">testPackage.TestClass#verifyHomePageOfApplication</h3><table class="result"><tr><th>Messages</th></tr><tr><td><div class="messages">Element is displayed on screen!</div></td></tr></table><p class="totop"><a href="#summary">back to summary</a></p>
<h3 id="m18">testPackage.TestClass#verifyMyAccountPageIsOpened</h3><table class="result"><tr><th class="invisible"/></tr></table><p class="totop"><a href="#summary">back to summary</a></p>
<h3 id="m19">testPackage.TestClass#verifySignInTabOpenedOnHomePage</h3><table class="result"><tr><th>Messages</th></tr><tr><td><div class="messages">Element is displayed on screen!</div></td></tr></table><p class="totop"><a href="#summary">back to summary</a></p>
</body>
</html>
